[debug] [2019-09-16T13:31:55.814Z] ----------------------------------------------------------------------
[debug] [2019-09-16T13:31:55.817Z] Command:       C:\Program Files\nodejs\node.exe C:\Users\hitc6176\AppData\Roaming\npm\node_modules\firebase-tools\lib\bin\firebase.js login
[debug] [2019-09-16T13:31:55.818Z] CLI Version:   7.3.2
[debug] [2019-09-16T13:31:55.818Z] Platform:      win32
[debug] [2019-09-16T13:31:55.818Z] Node Version:  v10.15.1
[debug] [2019-09-16T13:31:55.820Z] Time:          Mon Sep 16 2019 09:31:55 GMT-0400 (Eastern Daylight Time)
[debug] [2019-09-16T13:31:55.820Z] ----------------------------------------------------------------------
[debug] 
[info] i  Firebase optionally collects CLI usage and error reporting information to help improve our products. Data is collected in accordance with Google's privacy policy (https://policies.google.com/privacy) and is not used to identify you.

[info] 
[info] Visit this URL on this device to log in:
[info] https://accounts.google.com/o/oauth2/auth?client_id=563584335869-fgrhgmd47bqnekij5i8b5pr03ho849e6.apps.googleusercontent.com&scope=email%20openid%20https%3A%2F%2Fwww.googleapis.com%2Fauth%2Fcloudplatformprojects.readonly%20https%3A%2F%2Fwww.googleapis.com%2Fauth%2Ffirebase%20https%3A%2F%2Fwww.googleapis.com%2Fauth%2Fcloud-platform&response_type=code&state=483962270&redirect_uri=http%3A%2F%2Flocalhost%3A9005
[info] 
[info] Waiting for authentication...
[debug] [2019-09-16T13:32:31.464Z] >>> HTTP REQUEST POST https://accounts.google.com/o/oauth2/token  

[debug] [2019-09-16T13:32:31.537Z] Token Fetch Error: FirebaseError: Server Error. unable to get local issuer certificate
    at Request._callback (C:\Users\hitc6176\AppData\Roaming\npm\node_modules\firebase-tools\lib\api.js:30:31)
    at self.callback (C:\Users\hitc6176\AppData\Roaming\npm\node_modules\firebase-tools\node_modules\request\request.js:185:22)
    at Request.emit (events.js:189:13)
    at Request.EventEmitter.emit (domain.js:441:20)
    at Request.onRequestError (C:\Users\hitc6176\AppData\Roaming\npm\node_modules\firebase-tools\node_modules\request\request.js:881:8)
    at ClientRequest.emit (events.js:189:13)
    at ClientRequest.EventEmitter.emit (domain.js:441:20)
    at TLSSocket.socketErrorListener (_http_client.js:392:9)
    at TLSSocket.emit (events.js:189:13)
    at TLSSocket.EventEmitter.emit (domain.js:441:20)
[debug] [2019-09-16T13:34:16.310Z] ----------------------------------------------------------------------
[debug] [2019-09-16T13:34:16.314Z] Command:       C:\Program Files\nodejs\node.exe C:\Users\hitc6176\AppData\Roaming\npm\node_modules\firebase-tools\lib\bin\firebase.js login
[debug] [2019-09-16T13:34:16.314Z] CLI Version:   7.3.2
[debug] [2019-09-16T13:34:16.314Z] Platform:      win32
[debug] [2019-09-16T13:34:16.314Z] Node Version:  v10.15.1
[debug] [2019-09-16T13:34:16.316Z] Time:          Mon Sep 16 2019 09:34:16 GMT-0400 (Eastern Daylight Time)
[debug] [2019-09-16T13:34:16.316Z] ----------------------------------------------------------------------
[debug] 
[info] i  Firebase optionally collects CLI usage and error reporting information to help improve our products. Data is collected in accordance with Google's privacy policy (https://policies.google.com/privacy) and is not used to identify you.

[info] 
[info] Visit this URL on this device to log in:
[info] https://accounts.google.com/o/oauth2/auth?client_id=563584335869-fgrhgmd47bqnekij5i8b5pr03ho849e6.apps.googleusercontent.com&scope=email%20openid%20https%3A%2F%2Fwww.googleapis.com%2Fauth%2Fcloudplatformprojects.readonly%20https%3A%2F%2Fwww.googleapis.com%2Fauth%2Ffirebase%20https%3A%2F%2Fwww.googleapis.com%2Fauth%2Fcloud-platform&response_type=code&state=533137282&redirect_uri=http%3A%2F%2Flocalhost%3A9005
[info] 
[info] Waiting for authentication...
[debug] [2019-09-16T13:34:26.489Z] >>> HTTP REQUEST POST https://accounts.google.com/o/oauth2/token  

[debug] [2019-09-16T13:34:26.681Z] Token Fetch Error: FirebaseError: Server Error. unable to get local issuer certificate
    at Request._callback (C:\Users\hitc6176\AppData\Roaming\npm\node_modules\firebase-tools\lib\api.js:30:31)
    at self.callback (C:\Users\hitc6176\AppData\Roaming\npm\node_modules\firebase-tools\node_modules\request\request.js:185:22)
    at Request.emit (events.js:189:13)
    at Request.EventEmitter.emit (domain.js:441:20)
    at Request.onRequestError (C:\Users\hitc6176\AppData\Roaming\npm\node_modules\firebase-tools\node_modules\request\request.js:881:8)
    at ClientRequest.emit (events.js:189:13)
    at ClientRequest.EventEmitter.emit (domain.js:441:20)
    at TLSSocket.socketErrorListener (_http_client.js:392:9)
    at TLSSocket.emit (events.js:189:13)
    at TLSSocket.EventEmitter.emit (domain.js:441:20)
